#
# A fatal error has been detected by the Java Runtime Environment:
#
#  EXCEPTION_ACCESS_VIOLATION (0xc0000005) at pc=0x5c3a0b80, pid=6084, tid=8344
#
# JRE version: 7.0_17-b02
# Java VM: Java HotSpot(TM) Client VM (23.7-b01 mixed mode windows-x86 )
# Problematic frame:
# V  [jvm.dll+0x20b80]
#
# Failed to write core dump. Minidumps are not enabled by default on client versions of Windows
#
# If you would like to submit a bug report, please visit:
#   http://bugreport.sun.com/bugreport/crash.jsp
#

---------------  T H R E A D  ---------------

Current thread (0x1844d800):  JavaThread "JDWP Transport Listener: dt_socket" daemon [_thread_in_vm, id=8344, stack(0x18980000,0x189d0000)]

siginfo: ExceptionCode=0xc0000005, reading address 0x00000008

Registers:
EAX=0x046a8f90, EBX=0x046a8f90, ECX=0x00000000, EDX=0x00000000
ESP=0x189cf470, EBP=0x189cf474, ESI=0x00000000, EDI=0x1844d800
EIP=0x5c3a0b80, EFLAGS=0x00010246

Top of Stack: (sp=0x189cf470)
0x189cf470:   1844d928 189cf49c 5c4263f3 046a8f90
0x189cf480:   1844d928 674ae174 674ae15c 1844d800
0x189cf490:   00000000 1844d928 189cf560 674ae99c
0x189cf4a0:   674963b2 1844d928 185ad1f0 00000000
0x189cf4b0:   189cf4d4 189cf560 1847d5d0 189cf510
0x189cf4c0:   185ad1f0 189cf4e0 6749bd12 189cf4e0
0x189cf4d0:   189cf514 674ae890 6e645004 674b2c68
0x189cf4e0:   19572348 0000000b 00000000 00000013 

Instructions: (pc=0x5c3a0b80)
0x5c3a0b60:   8b 0d 48 0d 68 5c 85 c9 7e 05 8b 0c 01 eb 02 33
0x5c3a0b70:   c9 8b 15 4c 0d 68 5c 85 d2 7e 05 8b 04 02 eb 03
0x5c3a0b80:   8b 46 08 85 c0 75 0f 33 c9 50 51 e8 c0 cb 14 00
0x5c3a0b90:   83 c4 08 5e 5d c3 8d 4c 4e 0c 50 51 e8 af cb 14 


Register to memory mapping:

EAX=
[error occurred during error reporting (printing register info), id 0xc0000005]

Stack: [0x18980000,0x189d0000],  sp=0x189cf470,  free space=317k
Native frames: (J=compiled Java code, j=interpreted, Vv=VM code, C=native code)
V  [jvm.dll+0x20b80]
V  [jvm.dll+0xa63f3]


---------------  P R O C E S S  ---------------

Java Threads: ( => current thread )
  0x1855bc00 JavaThread "ReaderThread" [_thread_in_native, id=7668, stack(0x198d0000,0x19920000)]
  0x18468c00 JavaThread "Service Thread" daemon [_thread_blocked, id=9948, stack(0x19210000,0x19260000)]
  0x18468000 JavaThread "C1 CompilerThread0" daemon [_thread_blocked, id=7920, stack(0x191b0000,0x19200000)]
  0x18459800 JavaThread "JDWP Command Reader" daemon [_thread_in_native, id=9360, stack(0x19100000,0x19150000)]
  0x18456800 JavaThread "JDWP Event Helper Thread" daemon [_thread_blocked, id=9596, stack(0x18b80000,0x18bd0000)]
=>0x1844d800 JavaThread "JDWP Transport Listener: dt_socket" daemon [_thread_in_vm, id=8344, stack(0x18980000,0x189d0000)]
  0x18446c00 JavaThread "Attach Listener" daemon [_thread_blocked, id=10120, stack(0x18a70000,0x18ac0000)]
  0x18445c00 JavaThread "Signal Dispatcher" daemon [_thread_blocked, id=9036, stack(0x18670000,0x186c0000)]
  0x183c0c00 JavaThread "Finalizer" daemon [_thread_blocked, id=9636, stack(0x01e00000,0x01e50000)]
  0x183bbc00 JavaThread "Reference Handler" daemon [_thread_blocked, id=6656, stack(0x187f0000,0x18840000)]
  0x01eec400 JavaThread "main" [_thread_blocked, id=3732, stack(0x01e80000,0x01ed0000)]

Other Threads:
  0x183b7800 VMThread [stack: 0x18750000,0x187a0000] [id=8116]
  0x1847ac00 WatcherThread [stack: 0x193e0000,0x19430000] [id=10044]

VM state:not at safepoint (normal execution)

VM Mutex/Monitor currently owned by a thread: None

Heap
 def new generation   total 4928K, used 3581K [0x043b0000, 0x04900000, 0x09900000)
  eden space 4416K,  69% used [0x043b0000, 0x046af6e0, 0x04800000)
  from space 512K, 100% used [0x04880000, 0x04900000, 0x04900000)
  to   space 512K,   0% used [0x04800000, 0x04800000, 0x04880000)
 tenured generation   total 10944K, used 857K [0x09900000, 0x0a3b0000, 0x143b0000)
   the space 10944K,   7% used [0x09900000, 0x099d6488, 0x099d6600, 0x0a3b0000)
 compacting perm gen  total 12288K, used 4043K [0x143b0000, 0x14fb0000, 0x183b0000)
   the space 12288K,  32% used [0x143b0000, 0x147a2cf0, 0x147a2e00, 0x14fb0000)
No shared spaces configured.

Card table byte_map: [0x01ef0000,0x01fa0000] byte_map_base: 0x01ece280

Polling page: 0x00110000

Code Cache  [0x023b0000, 0x02490000, 0x043b0000)
 total_blobs=275 nmethods=138 adapters=80 free_code_cache=31898Kb largest_free_block=32664512

Compilation events (10 events):
Event: 2.274 Thread 0x18468000  133             java.lang.Character::toLowerCase (6 bytes)
Event: 2.274 Thread 0x18468000 nmethod 133 0x024883c8 code [0x024884d0, 0x02488578]
Event: 2.274 Thread 0x18468000  134             java.lang.String::lastIndexOf (13 bytes)
Event: 2.275 Thread 0x18468000 nmethod 134 0x02488608 code [0x02488710, 0x024887bc]
Event: 2.275 Thread 0x18468000  135             java.lang.Class$MethodArray::removeByNameAndSignature (71 bytes)
Event: 2.275 Thread 0x18468000 nmethod 135 0x02488848 code [0x02488980, 0x02488b84]
Event: 2.277 Thread 0x18468000  136             java.net.URL::getPath (5 bytes)
Event: 2.277 Thread 0x18468000 nmethod 136 0x02488e48 code [0x02488f40, 0x02488fc0]
Event: 2.278 Thread 0x18468000  137             java.net.URL::getAuthority (5 bytes)
Event: 2.278 Thread 0x18468000 nmethod 137 0x02489008 code [0x02489100, 0x02489180]

GC Heap History (2 events):
Event: 2.149 GC heap before
{Heap before GC invocations=0 (full 0):
 def new generation   total 4928K, used 4416K [0x043b0000, 0x04900000, 0x09900000)
  eden space 4416K, 100% used [0x043b0000, 0x04800000, 0x04800000)
  from space 512K,   0% used [0x04800000, 0x04800000, 0x04880000)
  to   space 512K,   0% used [0x04880000, 0x04880000, 0x04900000)
 tenured generation   total 10944K, used 0K [0x09900000, 0x0a3b0000, 0x143b0000)
   the space 10944K,   0% used [0x09900000, 0x09900000, 0x09900200, 0x0a3b0000)
 compacting perm gen  total 12288K, used 3605K [0x143b0000, 0x14fb0000, 0x183b0000)
   the space 12288K,  29% used [0x143b0000, 0x14735680, 0x14735800, 0x14fb0000)
No shared spaces configured.
Event: 2.157 GC heap after
Heap after GC invocations=1 (full 0):
 def new generation   total 4928K, used 512K [0x043b0000, 0x04900000, 0x09900000)
  eden space 4416K,   0% used [0x043b0000, 0x043b0000, 0x04800000)
  from space 512K, 100% used [0x04880000, 0x04900000, 0x04900000)
  to   space 512K,   0% used [0x04800000, 0x04800000, 0x04880000)
 tenured generation   total 10944K, used 857K [0x09900000, 0x0a3b0000, 0x143b0000)
   the space 10944K,   7% used [0x09900000, 0x099d6488, 0x099d6600, 0x0a3b0000)
 compacting perm gen  total 12288K, used 3605K [0x143b0000, 0x14fb0000, 0x183b0000)
   the space 12288K,  29% used [0x143b0000, 0x14735680, 0x14735800, 0x14fb0000)
No shared spaces configured.
}

Deoptimization events (0 events):
No events

Internal exceptions (10 events):
Event: 2.274 Thread 0x01eec400 Threw 0x046832a8 at C:\jdk7u2_32P\jdk7u17\hotspot\src\share\vm\prims\jvm.cpp:1166
Event: 2.274 Thread 0x01eec400 Threw 0x04689650 at C:\jdk7u2_32P\jdk7u17\hotspot\src\share\vm\prims\jvm.cpp:1166
Event: 2.274 Thread 0x01eec400 Threw 0x04689d68 at C:\jdk7u2_32P\jdk7u17\hotspot\src\share\vm\prims\jvm.cpp:1166
Event: 2.275 Thread 0x01eec400 Threw 0x046900d8 at C:\jdk7u2_32P\jdk7u17\hotspot\src\share\vm\prims\jvm.cpp:1166
Event: 2.275 Thread 0x01eec400 Threw 0x04690360 at C:\jdk7u2_32P\jdk7u17\hotspot\src\share\vm\classfile\systemDictionary.cpp:179
Event: 2.276 Thread 0x01eec400 Threw 0x04698998 at C:\jdk7u2_32P\jdk7u17\hotspot\src\share\vm\prims\jvm.cpp:1166
Event: 2.277 Thread 0x01eec400 Threw 0x0469daa8 at C:\jdk7u2_32P\jdk7u17\hotspot\src\share\vm\prims\jvm.cpp:1166
Event: 2.277 Thread 0x01eec400 Threw 0x046a24a8 at C:\jdk7u2_32P\jdk7u17\hotspot\src\share\vm\prims\jvm.cpp:1166
Event: 2.278 Thread 0x01eec400 Threw 0x046a4bf8 at C:\jdk7u2_32P\jdk7u17\hotspot\src\share\vm\prims\jvm.cpp:1166
Event: 2.280 Thread 0x01eec400 Threw 0x046a7e98 at C:\jdk7u2_32P\jdk7u17\hotspot\src\share\vm\prims\jvm.cpp:1166

Events (10 events):
Event: 10.152 Executing VM operation: GetCurrentLocation
Event: 10.152 Executing VM operation: GetCurrentLocation done
Event: 10.152 Executing VM operation: ChangeSingleStep
Event: 10.152 Executing VM operation: ChangeSingleStep done
Event: 10.155 Executing VM operation: ChangeSingleStep
Event: 10.155 Executing VM operation: ChangeSingleStep done
Event: 10.190 Executing VM operation: GetOrSetLocal
Event: 10.190 Executing VM operation: GetOrSetLocal done
Event: 10.194 Executing VM operation: GetOrSetLocal
Event: 10.194 Executing VM operation: GetOrSetLocal done


Dynamic libraries:
0x009b0000 - 0x009df000 	C:\Program Files (x86)\Java\jdk1.7.0_17\bin\javaw.exe
0x778a0000 - 0x77a20000 	C:\Windows\SysWOW64\ntdll.dll
0x76840000 - 0x76950000 	C:\Windows\syswow64\kernel32.dll
0x76200000 - 0x76247000 	C:\Windows\syswow64\KERNELBASE.dll
0x772d0000 - 0x77370000 	C:\Windows\syswow64\ADVAPI32.dll
0x76730000 - 0x767dc000 	C:\Windows\syswow64\msvcrt.dll
0x753f0000 - 0x75409000 	C:\Windows\SysWOW64\sechost.dll
0x762c0000 - 0x763b0000 	C:\Windows\syswow64\RPCRT4.dll
0x752f0000 - 0x75350000 	C:\Windows\syswow64\SspiCli.dll
0x752e0000 - 0x752ec000 	C:\Windows\syswow64\CRYPTBASE.dll
0x75410000 - 0x75510000 	C:\Windows\syswow64\USER32.dll
0x76420000 - 0x764b0000 	C:\Windows\syswow64\GDI32.dll
0x762b0000 - 0x762ba000 	C:\Windows\syswow64\LPK.dll
0x76c30000 - 0x76ccd000 	C:\Windows\syswow64\USP10.dll
0x74bd0000 - 0x74d6e000 	C:\Windows\WinSxS\x86_microsoft.windows.common-controls_6595b64144ccf1df_6.0.7601.17514_none_41e6975e2bd6f2b2\COMCTL32.dll
0x76250000 - 0x762a7000 	C:\Windows\syswow64\SHLWAPI.dll
0x767e0000 - 0x76840000 	C:\Windows\system32\IMM32.DLL
0x765e0000 - 0x766ac000 	C:\Windows\syswow64\MSCTF.dll
0x747f0000 - 0x74828000 	C:\Windows\SysWOW64\nvinit.dll
0x60260000 - 0x6031e000 	C:\Program Files (x86)\Java\jdk1.7.0_17\jre\bin\msvcr100.dll
0x5c380000 - 0x5c6cc000 	C:\Program Files (x86)\Java\jdk1.7.0_17\jre\bin\client\jvm.dll
0x744f0000 - 0x744f7000 	C:\Windows\system32\WSOCK32.dll
0x763b0000 - 0x763e5000 	C:\Windows\syswow64\WS2_32.dll
0x765d0000 - 0x765d6000 	C:\Windows\syswow64\NSI.dll
0x74f50000 - 0x74f82000 	C:\Windows\system32\WINMM.dll
0x75350000 - 0x75355000 	C:\Windows\syswow64\PSAPI.DLL
0x703c0000 - 0x703cc000 	C:\Program Files (x86)\Java\jdk1.7.0_17\jre\bin\verify.dll
0x691f0000 - 0x69210000 	C:\Program Files (x86)\Java\jdk1.7.0_17\jre\bin\java.dll
0x67490000 - 0x674ba000 	C:\Program Files (x86)\Java\jdk1.7.0_17\jre\bin\jdwp.dll
0x707e0000 - 0x707e7000 	C:\Program Files (x86)\Java\jdk1.7.0_17\jre\bin\npt.dll
0x69210000 - 0x69223000 	C:\Program Files (x86)\Java\jdk1.7.0_17\jre\bin\zip.dll
0x6e640000 - 0x6e648000 	C:\Program Files (x86)\Java\jdk1.7.0_17\jre\bin\dt_socket.dll
0x70a90000 - 0x70aa0000 	C:\Windows\system32\NLAapi.dll
0x70a80000 - 0x70a90000 	C:\Windows\system32\napinsp.dll
0x70a60000 - 0x70a72000 	C:\Windows\system32\pnrpnsp.dll
0x749b0000 - 0x749ec000 	C:\Windows\System32\mswsock.dll
0x74950000 - 0x74994000 	C:\Windows\system32\DNSAPI.dll
0x70a50000 - 0x70a58000 	C:\Windows\System32\winrnr.dll
0x70a40000 - 0x70a4d000 	C:\Windows\system32\wshbth.dll
0x74920000 - 0x74941000 	C:\Program Files (x86)\Bonjour\mdnsNSP.dll
0x75130000 - 0x7514c000 	C:\Windows\system32\Iphlpapi.DLL
0x75120000 - 0x75127000 	C:\Windows\system32\WINNSI.DLL
0x709f0000 - 0x70a28000 	C:\Windows\System32\fwpuclnt.dll
0x70a30000 - 0x70a36000 	C:\Windows\system32\rasadhlp.dll
0x002e0000 - 0x002ee000 	C:\Program Files (x86)\Common Files\Thunder Network\NetMon\speed_viewer1.0.2.32.dll
0x7c3a0000 - 0x7c41b000 	C:\Windows\system32\MSVCP71.dll
0x7c340000 - 0x7c396000 	C:\Windows\system32\MSVCR71.dll
0x75210000 - 0x75219000 	C:\Windows\system32\VERSION.dll
0x74160000 - 0x74165000 	C:\Windows\System32\wshtcpip.dll
0x688d0000 - 0x688e4000 	C:\Program Files (x86)\Java\jdk1.7.0_17\jre\bin\net.dll
0x70c80000 - 0x70c86000 	C:\Windows\System32\wship6.dll
0x74830000 - 0x7491b000 	C:\Windows\system32\dbghelp.dll

VM Arguments:
jvm_args: -agentlib:jdwp=transport=dt_socket,suspend=y,address=localhost:9881 -Dfile.encoding=GB2312 
java_command: org.eclipse.jdt.internal.junit.runner.RemoteTestRunner -version 3 -port 9880 -testLoaderClass org.eclipse.jdt.internal.junit4.runner.JUnit4TestLoader -loaderpluginname org.eclipse.jdt.junit4.runtime -test com.gs.DAO.TestDAO:test
Launcher Type: SUN_STANDARD

Environment Variables:
JAVA_HOME=C:\Program Files (x86)\Java\jdk1.7.0_17
CLASSPATH=D:\Tools\apache-tomcat-7.0.40/bin/commons-logging-1.1.jar;D:\Tools\apache-tomcat-7.0.40/bin/log4j-1.2.13.jar;D:\Tools\apache-tomcat-7.0.40/bin;D:\Tools\cygwin\bin;D:\Tools\cygwin\usr\bin;
PATH=C:\Program Files (x86)\Java\jdk1.7.0_17\jre\bin;C:\Program Files (x86)\Common Files\NetSarang;C:\Program Files (x86)\NVIDIA Corporation\PhysX\Common;C:\Program Files (x86)\Intel\iCLS Client\;C:\Program Files\Intel\iCLS Client\;C:\Windows\system32;C:\Windows;C:\Windows\System32\Wbem;C:\Windows\System32\WindowsPowerShell\v1.0\;D:\Tools\apache-ant-1.9.1\bin;C:\Program Files (x86)\Java\jdk1.7.0_17\bin;C:\Program Files (x86)\Microsoft SQL Server\100\Tools\Binn\;C:\Program Files\Microsoft SQL Server\100\Tools\Binn\;C:\Program Files\Microsoft SQL Server\100\DTS\Binn\;D:\Tools\cygwin\bin;D:\Tools\cygwin\usr\bin;D:\Tools\cygwin\bin;D:\Tools\cygwin\usr\bin;
USERNAME=GS
OS=Windows_NT
PROCESSOR_IDENTIFIER=Intel64 Family 6 Model 42 Stepping 7, GenuineIntel



---------------  S Y S T E M  ---------------

OS: Windows 7 , 64 bit Build 7601 Service Pack 1

CPU:total 4 (2 cores per cpu, 2 threads per core) family 6 model 42 stepping 7, cmov, cx8, fxsr, mmx, sse, sse2, sse3, ssse3, sse4.1, sse4.2, popcnt, avx, ht, tsc, tscinvbit

Memory: 4k page, physical 4086000k(1374528k free), swap 8170136k(3845820k free)

vm_info: Java HotSpot(TM) Client VM (23.7-b01) for windows-x86 JRE (1.7.0_17-b02), built on Mar  1 2013 05:04:36 by "java_re" with unknown MS VC++:1600

time: Sat Oct 12 15:59:27 2013
elapsed time: 10 seconds

