#
# A fatal error has been detected by the Java Runtime Environment:
#
#  EXCEPTION_ACCESS_VIOLATION (0xc0000005) at pc=0x5ccb0b80, pid=7236, tid=9672
#
# JRE version: 7.0_17-b02
# Java VM: Java HotSpot(TM) Client VM (23.7-b01 mixed mode windows-x86 )
# Problematic frame:
# V  [jvm.dll+0x20b80]
#
# Failed to write core dump. Minidumps are not enabled by default on client versions of Windows
#
# If you would like to submit a bug report, please visit:
#   http://bugreport.sun.com/bugreport/crash.jsp
#

---------------  T H R E A D  ---------------

Current thread (0x1862d800):  JavaThread "JDWP Transport Listener: dt_socket" daemon [_thread_in_vm, id=9672, stack(0x00f00000,0x00f50000)]

siginfo: ExceptionCode=0xc0000005, reading address 0x00000008

Registers:
EAX=0x04889d40, EBX=0x04889d40, ECX=0x00000000, EDX=0x00000000
ESP=0x00f4f800, EBP=0x00f4f804, ESI=0x00000000, EDI=0x1862d800
EIP=0x5ccb0b80, EFLAGS=0x00010246

Top of Stack: (sp=0x00f4f800)
0x00f4f800:   1862d928 00f4f82c 5cd363f3 04889d40
0x00f4f810:   1862d928 691fe174 691fe15c 1862d800
0x00f4f820:   00000000 1862d928 00f4f8f0 691fe99c
0x00f4f830:   691e63b2 1862d928 1859bae0 00000000
0x00f4f840:   00f4f864 00f4f8f0 19548150 00f4f8a0
0x00f4f850:   1859bae0 00f4f870 691ebd12 00f4f870
0x00f4f860:   00f4f8a4 691fe890 6df65004 69202c68
0x00f4f870:   1951a3b8 0000000b 00000000 00000013 

Instructions: (pc=0x5ccb0b80)
0x5ccb0b60:   8b 0d 48 0d f9 5c 85 c9 7e 05 8b 0c 01 eb 02 33
0x5ccb0b70:   c9 8b 15 4c 0d f9 5c 85 d2 7e 05 8b 04 02 eb 03
0x5ccb0b80:   8b 46 08 85 c0 75 0f 33 c9 50 51 e8 c0 cb 14 00
0x5ccb0b90:   83 c4 08 5e 5d c3 8d 4c 4e 0c 50 51 e8 af cb 14 


Register to memory mapping:

EAX=
[error occurred during error reporting (printing register info), id 0xc0000005]

Stack: [0x00f00000,0x00f50000],  sp=0x00f4f800,  free space=318k
Native frames: (J=compiled Java code, j=interpreted, Vv=VM code, C=native code)
V  [jvm.dll+0x20b80]
V  [jvm.dll+0xa63f3]


---------------  P R O C E S S  ---------------

Java Threads: ( => current thread )
  0x19444400 JavaThread "ReaderThread" [_thread_in_native, id=9208, stack(0x198b0000,0x19900000)]
  0x18648800 JavaThread "Service Thread" daemon [_thread_blocked, id=7700, stack(0x193b0000,0x19400000)]
  0x18648400 JavaThread "C1 CompilerThread0" daemon [_thread_blocked, id=9628, stack(0x19120000,0x19170000)]
  0x18639c00 JavaThread "JDWP Command Reader" daemon [_thread_in_native, id=10188, stack(0x18be0000,0x18c30000)]
  0x18636800 JavaThread "JDWP Event Helper Thread" daemon [_thread_blocked, id=3404, stack(0x00f80000,0x00fd0000)]
=>0x1862d800 JavaThread "JDWP Transport Listener: dt_socket" daemon [_thread_in_vm, id=9672, stack(0x00f00000,0x00f50000)]
  0x18626c00 JavaThread "Attach Listener" daemon [_thread_blocked, id=6872, stack(0x18b70000,0x18bc0000)]
  0x18625c00 JavaThread "Signal Dispatcher" daemon [_thread_blocked, id=5768, stack(0x188f0000,0x18940000)]
  0x185a0c00 JavaThread "Finalizer" daemon [_thread_blocked, id=9316, stack(0x18a40000,0x18a90000)]
  0x1859bc00 JavaThread "Reference Handler" daemon [_thread_blocked, id=9624, stack(0x188a0000,0x188f0000)]
  0x00f7c400 JavaThread "main" [_thread_blocked, id=9388, stack(0x00e00000,0x00e50000)]

Other Threads:
  0x18597800 VMThread [stack: 0x01050000,0x010a0000] [id=8044]
  0x18652c00 WatcherThread [stack: 0x189f0000,0x18a40000] [id=10116]

VM state:not at safepoint (normal execution)

VM Mutex/Monitor currently owned by a thread: None

Heap
 def new generation   total 4928K, used 3620K [0x04590000, 0x04ae0000, 0x09ae0000)
  eden space 4416K,  70% used [0x04590000, 0x04899018, 0x049e0000)
  from space 512K, 100% used [0x04a60000, 0x04ae0000, 0x04ae0000)
  to   space 512K,   0% used [0x049e0000, 0x049e0000, 0x04a60000)
 tenured generation   total 10944K, used 857K [0x09ae0000, 0x0a590000, 0x14590000)
   the space 10944K,   7% used [0x09ae0000, 0x09bb6410, 0x09bb6600, 0x0a590000)
 compacting perm gen  total 12288K, used 4043K [0x14590000, 0x15190000, 0x18590000)
   the space 12288K,  32% used [0x14590000, 0x14982d10, 0x14982e00, 0x15190000)
No shared spaces configured.

Card table byte_map: [0x00e50000,0x00f00000] byte_map_base: 0x00e2d380

Polling page: 0x00110000

Code Cache  [0x02590000, 0x02670000, 0x04590000)
 total_blobs=277 nmethods=140 adapters=80 free_code_cache=31893Kb largest_free_block=32659008

Compilation events (10 events):
Event: 0.524 Thread 0x18648400  135             java.lang.Character::toLowerCase (6 bytes)
Event: 0.524 Thread 0x18648400 nmethod 135 0x02669948 code [0x02669a50, 0x02669af8]
Event: 0.524 Thread 0x18648400  136             java.lang.String::lastIndexOf (13 bytes)
Event: 0.524 Thread 0x18648400 nmethod 136 0x02669b88 code [0x02669c90, 0x02669d3c]
Event: 0.525 Thread 0x18648400  137             java.lang.Class$MethodArray::removeByNameAndSignature (71 bytes)
Event: 0.525 Thread 0x18648400 nmethod 137 0x02669dc8 code [0x02669f00, 0x0266a104]
Event: 0.527 Thread 0x18648400  138             java.net.URL::getPath (5 bytes)
Event: 0.527 Thread 0x18648400 nmethod 138 0x0266a3c8 code [0x0266a4c0, 0x0266a540]
Event: 0.528 Thread 0x18648400  139             java.net.URL::getAuthority (5 bytes)
Event: 0.528 Thread 0x18648400 nmethod 139 0x0266a588 code [0x0266a680, 0x0266a700]

GC Heap History (2 events):
Event: 0.438 GC heap before
{Heap before GC invocations=0 (full 0):
 def new generation   total 4928K, used 4416K [0x04590000, 0x04ae0000, 0x09ae0000)
  eden space 4416K, 100% used [0x04590000, 0x049e0000, 0x049e0000)
  from space 512K,   0% used [0x049e0000, 0x049e0000, 0x04a60000)
  to   space 512K,   0% used [0x04a60000, 0x04a60000, 0x04ae0000)
 tenured generation   total 10944K, used 0K [0x09ae0000, 0x0a590000, 0x14590000)
   the space 10944K,   0% used [0x09ae0000, 0x09ae0000, 0x09ae0200, 0x0a590000)
 compacting perm gen  total 12288K, used 3605K [0x14590000, 0x15190000, 0x18590000)
   the space 12288K,  29% used [0x14590000, 0x14915690, 0x14915800, 0x15190000)
No shared spaces configured.
Event: 0.444 GC heap after
Heap after GC invocations=1 (full 0):
 def new generation   total 4928K, used 512K [0x04590000, 0x04ae0000, 0x09ae0000)
  eden space 4416K,   0% used [0x04590000, 0x04590000, 0x049e0000)
  from space 512K, 100% used [0x04a60000, 0x04ae0000, 0x04ae0000)
  to   space 512K,   0% used [0x049e0000, 0x049e0000, 0x04a60000)
 tenured generation   total 10944K, used 857K [0x09ae0000, 0x0a590000, 0x14590000)
   the space 10944K,   7% used [0x09ae0000, 0x09bb6410, 0x09bb6600, 0x0a590000)
 compacting perm gen  total 12288K, used 3605K [0x14590000, 0x15190000, 0x18590000)
   the space 12288K,  29% used [0x14590000, 0x14915690, 0x14915800, 0x15190000)
No shared spaces configured.
}

Deoptimization events (0 events):
No events

Internal exceptions (10 events):
Event: 0.524 Thread 0x00f7c400 Threw 0x04864000 at C:\jdk7u2_32P\jdk7u17\hotspot\src\share\vm\prims\jvm.cpp:1166
Event: 0.524 Thread 0x00f7c400 Threw 0x0486a370 at C:\jdk7u2_32P\jdk7u17\hotspot\src\share\vm\prims\jvm.cpp:1166
Event: 0.524 Thread 0x00f7c400 Threw 0x0486aa88 at C:\jdk7u2_32P\jdk7u17\hotspot\src\share\vm\prims\jvm.cpp:1166
Event: 0.525 Thread 0x00f7c400 Threw 0x04870e90 at C:\jdk7u2_32P\jdk7u17\hotspot\src\share\vm\prims\jvm.cpp:1166
Event: 0.525 Thread 0x00f7c400 Threw 0x04871118 at C:\jdk7u2_32P\jdk7u17\hotspot\src\share\vm\classfile\systemDictionary.cpp:179
Event: 0.526 Thread 0x00f7c400 Threw 0x04879750 at C:\jdk7u2_32P\jdk7u17\hotspot\src\share\vm\prims\jvm.cpp:1166
Event: 0.527 Thread 0x00f7c400 Threw 0x0487e818 at C:\jdk7u2_32P\jdk7u17\hotspot\src\share\vm\prims\jvm.cpp:1166
Event: 0.527 Thread 0x00f7c400 Threw 0x04883218 at C:\jdk7u2_32P\jdk7u17\hotspot\src\share\vm\prims\jvm.cpp:1166
Event: 0.528 Thread 0x00f7c400 Threw 0x048859a8 at C:\jdk7u2_32P\jdk7u17\hotspot\src\share\vm\prims\jvm.cpp:1166
Event: 0.530 Thread 0x00f7c400 Threw 0x04888c48 at C:\jdk7u2_32P\jdk7u17\hotspot\src\share\vm\prims\jvm.cpp:1166

Events (10 events):
Event: 2.918 Executing VM operation: GetCurrentLocation
Event: 2.918 Executing VM operation: GetCurrentLocation done
Event: 2.918 Executing VM operation: ChangeSingleStep
Event: 2.918 Executing VM operation: ChangeSingleStep done
Event: 2.919 Executing VM operation: ChangeSingleStep
Event: 2.919 Executing VM operation: ChangeSingleStep done
Event: 3.018 Executing VM operation: GetOrSetLocal
Event: 3.018 Executing VM operation: GetOrSetLocal done
Event: 3.022 Executing VM operation: GetOrSetLocal
Event: 3.022 Executing VM operation: GetOrSetLocal done


Dynamic libraries:
0x01160000 - 0x0118f000 	C:\Program Files (x86)\Java\jdk1.7.0_17\bin\javaw.exe
0x778a0000 - 0x77a20000 	C:\Windows\SysWOW64\ntdll.dll
0x76840000 - 0x76950000 	C:\Windows\syswow64\kernel32.dll
0x76200000 - 0x76247000 	C:\Windows\syswow64\KERNELBASE.dll
0x772d0000 - 0x77370000 	C:\Windows\syswow64\ADVAPI32.dll
0x76730000 - 0x767dc000 	C:\Windows\syswow64\msvcrt.dll
0x753f0000 - 0x75409000 	C:\Windows\SysWOW64\sechost.dll
0x762c0000 - 0x763b0000 	C:\Windows\syswow64\RPCRT4.dll
0x752f0000 - 0x75350000 	C:\Windows\syswow64\SspiCli.dll
0x752e0000 - 0x752ec000 	C:\Windows\syswow64\CRYPTBASE.dll
0x75410000 - 0x75510000 	C:\Windows\syswow64\USER32.dll
0x76420000 - 0x764b0000 	C:\Windows\syswow64\GDI32.dll
0x762b0000 - 0x762ba000 	C:\Windows\syswow64\LPK.dll
0x76c30000 - 0x76ccd000 	C:\Windows\syswow64\USP10.dll
0x74bd0000 - 0x74d6e000 	C:\Windows\WinSxS\x86_microsoft.windows.common-controls_6595b64144ccf1df_6.0.7601.17514_none_41e6975e2bd6f2b2\COMCTL32.dll
0x76250000 - 0x762a7000 	C:\Windows\syswow64\SHLWAPI.dll
0x767e0000 - 0x76840000 	C:\Windows\system32\IMM32.DLL
0x765e0000 - 0x766ac000 	C:\Windows\syswow64\MSCTF.dll
0x747f0000 - 0x74828000 	C:\Windows\SysWOW64\nvinit.dll
0x67400000 - 0x674be000 	C:\Program Files (x86)\Java\jdk1.7.0_17\jre\bin\msvcr100.dll
0x5cc90000 - 0x5cfdc000 	C:\Program Files (x86)\Java\jdk1.7.0_17\jre\bin\client\jvm.dll
0x744f0000 - 0x744f7000 	C:\Windows\system32\WSOCK32.dll
0x763b0000 - 0x763e5000 	C:\Windows\syswow64\WS2_32.dll
0x765d0000 - 0x765d6000 	C:\Windows\syswow64\NSI.dll
0x74f50000 - 0x74f82000 	C:\Windows\system32\WINMM.dll
0x75350000 - 0x75355000 	C:\Windows\syswow64\PSAPI.DLL
0x707e0000 - 0x707ec000 	C:\Program Files (x86)\Java\jdk1.7.0_17\jre\bin\verify.dll
0x69210000 - 0x69230000 	C:\Program Files (x86)\Java\jdk1.7.0_17\jre\bin\java.dll
0x691e0000 - 0x6920a000 	C:\Program Files (x86)\Java\jdk1.7.0_17\jre\bin\jdwp.dll
0x703c0000 - 0x703c7000 	C:\Program Files (x86)\Java\jdk1.7.0_17\jre\bin\npt.dll
0x688d0000 - 0x688e3000 	C:\Program Files (x86)\Java\jdk1.7.0_17\jre\bin\zip.dll
0x6df60000 - 0x6df68000 	C:\Program Files (x86)\Java\jdk1.7.0_17\jre\bin\dt_socket.dll
0x70a90000 - 0x70aa0000 	C:\Windows\system32\NLAapi.dll
0x70a80000 - 0x70a90000 	C:\Windows\system32\napinsp.dll
0x70a60000 - 0x70a72000 	C:\Windows\system32\pnrpnsp.dll
0x749b0000 - 0x749ec000 	C:\Windows\System32\mswsock.dll
0x74950000 - 0x74994000 	C:\Windows\system32\DNSAPI.dll
0x70a50000 - 0x70a58000 	C:\Windows\System32\winrnr.dll
0x70a40000 - 0x70a4d000 	C:\Windows\system32\wshbth.dll
0x74920000 - 0x74941000 	C:\Program Files (x86)\Bonjour\mdnsNSP.dll
0x75130000 - 0x7514c000 	C:\Windows\system32\Iphlpapi.DLL
0x75120000 - 0x75127000 	C:\Windows\system32\WINNSI.DLL
0x709f0000 - 0x70a28000 	C:\Windows\System32\fwpuclnt.dll
0x70a30000 - 0x70a36000 	C:\Windows\system32\rasadhlp.dll
0x00270000 - 0x0027e000 	C:\Program Files (x86)\Common Files\Thunder Network\NetMon\speed_viewer1.0.2.32.dll
0x7c3a0000 - 0x7c41b000 	C:\Windows\system32\MSVCP71.dll
0x7c340000 - 0x7c396000 	C:\Windows\system32\MSVCR71.dll
0x75210000 - 0x75219000 	C:\Windows\system32\VERSION.dll
0x74160000 - 0x74165000 	C:\Windows\System32\wshtcpip.dll
0x673e0000 - 0x673f4000 	C:\Program Files (x86)\Java\jdk1.7.0_17\jre\bin\net.dll
0x70c80000 - 0x70c86000 	C:\Windows\System32\wship6.dll
0x74830000 - 0x7491b000 	C:\Windows\system32\dbghelp.dll

VM Arguments:
jvm_args: -agentlib:jdwp=transport=dt_socket,suspend=y,address=localhost:9890 -Dfile.encoding=GB2312 
java_command: org.eclipse.jdt.internal.junit.runner.RemoteTestRunner -version 3 -port 9889 -testLoaderClass org.eclipse.jdt.internal.junit4.runner.JUnit4TestLoader -loaderpluginname org.eclipse.jdt.junit4.runtime -test com.gs.DAO.TestDAO:test
Launcher Type: SUN_STANDARD

Environment Variables:
JAVA_HOME=C:\Program Files (x86)\Java\jdk1.7.0_17
CLASSPATH=D:\Tools\apache-tomcat-7.0.40/bin/commons-logging-1.1.jar;D:\Tools\apache-tomcat-7.0.40/bin/log4j-1.2.13.jar;D:\Tools\apache-tomcat-7.0.40/bin;D:\Tools\cygwin\bin;D:\Tools\cygwin\usr\bin;
PATH=C:\Program Files (x86)\Java\jdk1.7.0_17\jre\bin;C:\Program Files (x86)\Common Files\NetSarang;C:\Program Files (x86)\NVIDIA Corporation\PhysX\Common;C:\Program Files (x86)\Intel\iCLS Client\;C:\Program Files\Intel\iCLS Client\;C:\Windows\system32;C:\Windows;C:\Windows\System32\Wbem;C:\Windows\System32\WindowsPowerShell\v1.0\;D:\Tools\apache-ant-1.9.1\bin;C:\Program Files (x86)\Java\jdk1.7.0_17\bin;C:\Program Files (x86)\Microsoft SQL Server\100\Tools\Binn\;C:\Program Files\Microsoft SQL Server\100\Tools\Binn\;C:\Program Files\Microsoft SQL Server\100\DTS\Binn\;D:\Tools\cygwin\bin;D:\Tools\cygwin\usr\bin;D:\Tools\cygwin\bin;D:\Tools\cygwin\usr\bin;
USERNAME=GS
OS=Windows_NT
PROCESSOR_IDENTIFIER=Intel64 Family 6 Model 42 Stepping 7, GenuineIntel



---------------  S Y S T E M  ---------------

OS: Windows 7 , 64 bit Build 7601 Service Pack 1

CPU:total 4 (2 cores per cpu, 2 threads per core) family 6 model 42 stepping 7, cmov, cx8, fxsr, mmx, sse, sse2, sse3, ssse3, sse4.1, sse4.2, popcnt, avx, ht, tsc, tscinvbit

Memory: 4k page, physical 4086000k(1356088k free), swap 8170136k(3812728k free)

vm_info: Java HotSpot(TM) Client VM (23.7-b01) for windows-x86 JRE (1.7.0_17-b02), built on Mar  1 2013 05:04:36 by "java_re" with unknown MS VC++:1600

time: Sat Oct 12 15:59:56 2013
elapsed time: 3 seconds

